INFO: Starting service "WebServer" at 2025-04-09T14:03:45.
INFO: Database connection established successfully.
ERROR: Failed to fetch user data from the database. Query timeout at 2025-04-09T14:04:12.
INFO: Received new request at /api/v1/users.
FATAL: Database connection lost at 2025-04-09T14:05:27. Retrying in 5 seconds.
INFO: Retrying database connection...
ERROR: Unable to write logs to /var/log/service.log. Permission denied.
INFO: Database reconnected successfully.
FATAL: Out of memory while processing large dataset at 2025-04-09T14:06:42.
ERROR: Invalid database schema detected during migration.
INFO: Successfully migrated database schema to version 3.2.
ERROR: Failed to load configuration file. File not found: /etc/service/config.cfg.
INFO: Graceful shutdown initiated.
FATAL: Disk failure detected on /dev/sda during write operation.
INFO: Service "AnalyticsEngine" started at 2025-04-09T14:07:30.
ERROR: Database error occurred: Duplicate entry for key 'PRIMARY'.
INFO: Memory usage exceeds threshold. Triggering alert.
FATAL: Kernel panic triggered due to driver issue at 2025-04-09T14:08:05.
INFO: Cleanup completed. Temporary files removed from /tmp.
ERROR: Failed to initialize API gateway. Missing dependencies.
INFO: Service stopped successfully at 2025-04-09T14:08:45.